Start testing: Apr 06 15:24 ?D1¨²¡À¨º¡Á?¨º¡À??
----------------------------------------------------------
1/6 Testing: eth_in
1/6 Test: eth_in
Command: "C:/Users/zzzgry/Desktop/net-lab-2022/build/eth_in.exe" "C:/Users/zzzgry/Desktop/net-lab-2022/testing/data/eth_in"
Directory: C:/Users/zzzgry/Desktop/net-lab-2022/build
"eth_in" start time: Apr 06 15:24 ?D1¨²¡À¨º¡Á?¨º¡À??
Output:
----------------------------------------------------------
[0;34mTest start
[0;34mFeeding input 010102030405060708091011121314151617[0;34m
Sample input all processed, checking output
[0;34mChecking log file(compare with demo).
[0;32mRound 1: no differences
[0;32mRound 2: no differences
[0;32mRound 3: no differences
[0;32mRound 4: no differences
[0;32mRound 5: no differences
[0;32mRound 6: no differences
[0;32mRound 7: no differences
[0;32mRound 8: no differences
[0;32mRound 9: no differences
[0;32mRound 10: no differences
[0;32mRound 11: no differences
[0;32mRound 12: no differences
[0;32mRound 13: no differences
[0;32mRound 14: no differences
[0;32mRound 15: no differences
[0;32mRound 16: no differences
[0;32mRound 17: no differences
[1;32m====> All log rounds are the same to the demo.
[0m
<end of output>
Test time =   0.05 sec
----------------------------------------------------------
Test Passed.
"eth_in" end time: Apr 06 15:24 ?D1¨²¡À¨º¡Á?¨º¡À??
"eth_in" time elapsed: 00:00:00
----------------------------------------------------------

2/6 Testing: eth_out
2/6 Test: eth_out
Command: "C:/Users/zzzgry/Desktop/net-lab-2022/build/eth_out.exe" "C:/Users/zzzgry/Desktop/net-lab-2022/testing/data/eth_out"
Directory: C:/Users/zzzgry/Desktop/net-lab-2022/build
"eth_out" start time: Apr 06 15:24 ?D1¨²¡À¨º¡Á?¨º¡À??
Output:
----------------------------------------------------------
[0;34mTest start
[0;34mFeeding input 010102030405060708091011121314151617[0;34m
Sample input all processed, checking output
[0;34mChecking log file(compare with demo).
[0;32mRound 1: no differences
[0;32mRound 2: no differences
[0;32mRound 3: no differences
[0;32mRound 4: no differences
[0;32mRound 5: no differences
[0;32mRound 6: no differences
[0;32mRound 7: no differences
[0;32mRound 8: no differences
[0;32mRound 9: no differences
[0;32mRound 10: no differences
[0;32mRound 11: no differences
[0;32mRound 12: no differences
[0;32mRound 13: no differences
[0;32mRound 14: no differences
[0;32mRound 15: no differences
[0;32mRound 16: no differences
[0;32mRound 17: no differences
[1;32m====> All log rounds are the same to the demo.
[0m[0;34mChecking pcap output file(compare with demo).
[0;31mPacket 1: differences found
[0;31mPacket 2: differences found
[0;31mPacket 3: differences found
[0;31mPacket 4: differences found
[0;31mPacket 5: differences found
[0;31mPacket 6: differences found
[0;31mPacket 7: differences found
[0;31mPacket 8: differences found
[0;31mPacket 9: differences found
[0;31mPacket 10: differences found
[0;31mPacket 11: differences found
[0;31mPacket 12: differences found
[0;31mPacket 13: differences found
[0;31mPacket 14: differences found
[0;31mPacket 15: differences found
[0;31mPacket 16: differences found
[0;31mPacket 17: differences found
[1;31m====> Some packets are different to the demo.
[0m
<end of output>
Test time =   0.02 sec
----------------------------------------------------------
Test Failed.
"eth_out" end time: Apr 06 15:24 ?D1¨²¡À¨º¡Á?¨º¡À??
"eth_out" time elapsed: 00:00:00
----------------------------------------------------------

Unable to find executable: C:/Users/zzzgry/Desktop/net-lab-2022/build/arp_test.exe
3/6 Testing: arp_test
3/6 Test: arp_test
Command: "" "C:/Users/zzzgry/Desktop/net-lab-2022/testing/data/arp_test"
Directory: C:/Users/zzzgry/Desktop/net-lab-2022/build
"arp_test" start time: 
Output:
----------------------------------------------------------
<end of output>
Test time =   0.00 sec
----------------------------------------------------------
Test Passed.
"arp_test" end time: Apr 06 15:24 ?D1¨²¡À¨º¡Á?¨º¡À??
"arp_test" time elapsed: 00:00:00
----------------------------------------------------------

Unable to find executable: C:/Users/zzzgry/Desktop/net-lab-2022/build/ip_test.exe
4/6 Testing: ip_test
4/6 Test: ip_test
Command: "" "C:/Users/zzzgry/Desktop/net-lab-2022/testing/data/ip_test"
Directory: C:/Users/zzzgry/Desktop/net-lab-2022/build
"ip_test" start time: 
Output:
----------------------------------------------------------
<end of output>
Test time =   0.00 sec
----------------------------------------------------------
Test Passed.
"ip_test" end time: Apr 06 15:24 ?D1¨²¡À¨º¡Á?¨º¡À??
"ip_test" time elapsed: 00:00:00
----------------------------------------------------------

Unable to find executable: C:/Users/zzzgry/Desktop/net-lab-2022/build/ip_frag_test.exe
5/6 Testing: ip_frag_test
5/6 Test: ip_frag_test
Command: "" "C:/Users/zzzgry/Desktop/net-lab-2022/testing/data/ip_frag_test"
Directory: C:/Users/zzzgry/Desktop/net-lab-2022/build
"ip_frag_test" start time: 
Output:
----------------------------------------------------------
<end of output>
Test time =   0.00 sec
----------------------------------------------------------
Test Passed.
"ip_frag_test" end time: Apr 06 15:24 ?D1¨²¡À¨º¡Á?¨º¡À??
"ip_frag_test" time elapsed: 00:00:00
----------------------------------------------------------

Unable to find executable: C:/Users/zzzgry/Desktop/net-lab-2022/build/icmp_test.exe
6/6 Testing: icmp_test
6/6 Test: icmp_test
Command: "" "C:/Users/zzzgry/Desktop/net-lab-2022/testing/data/icmp_test"
Directory: C:/Users/zzzgry/Desktop/net-lab-2022/build
"icmp_test" start time: 
Output:
----------------------------------------------------------
<end of output>
Test time =   0.00 sec
----------------------------------------------------------
Test Passed.
"icmp_test" end time: Apr 06 15:24 ?D1¨²¡À¨º¡Á?¨º¡À??
"icmp_test" time elapsed: 00:00:00
----------------------------------------------------------

End testing: Apr 06 15:24 ?D1¨²¡À¨º¡Á?¨º¡À??
